//Code generated by enum_serialize. DO NOT EDIT.

package bla

import (
	"kugg/compilers/lex"
	"kugg/compilers/parse"
	"kugg/mold/pkg/dsl"
)

var NodeNames  = map[parse.NodeType]string{
	parse.RootNode : "RootNode",
	dsl.Ident : "Ident",
	dsl.IdentList : "IdentList",
	dsl.Type : "Type",
	dsl.Datamodel : "Datamodel",
	dsl.EntityBlock : "EntityBlock",
	dsl.Entity : "Entity",
	dsl.RelationBlock : "RelationBlock",
	dsl.Relation : "Relation",
	dsl.OneToOneRelation : "OneToOneRelation",
	dsl.OneToManyRelation : "OneToManyRelation",
	dsl.ManyToOneRelation : "ManyToOneRelation",
	dsl.ManyToManyRelation : "ManyToManyRelation",
	dsl.Field : "Field",
	dsl.Tag : "Tag",
}

var TokenNames  = map[lex.TokenType]string{
	lex.TokenError : "TokenError",
	lex.TokenEOF : "TokenEOF",
	dsl.ident : "ident",
	dsl.tag : "tag",
	dsl.definitionsKW : "definitionsKW",
	dsl.datamodelKW : "datamodelKW",
	dsl.entitiesKW : "entitiesKW",
	dsl.relationsKW : "relationsKW",
	dsl.leftBrace : "leftBrace",
	dsl.rightBrace : "rightBrace",
	dsl.leftParen : "leftParen",
	dsl.rightParen : "rightParen",
	dsl.comma : "comma",
	dsl.colon : "colon",
	dsl.dash : "dash",
	dsl.endStatement : "endStatement",
	dsl.comment : "comment",
}

